Assistant/proguard/seeds.txt
android.support.v4.net.TrafficStatsCompat$1
android.support.v4.net.TrafficStatsCompat$BaseTrafficStatsCompatImpl
android.support.v4.net.TrafficStatsCompat$BaseTrafficStatsCompatImpl: java.lang.ThreadLocal mThreadSocketTags
android.support.v4.net.TrafficStatsCompat$BaseTrafficStatsCompatImpl: TrafficStatsCompat$BaseTrafficStatsCompatImpl()
android.support.v4.net.TrafficStatsCompat$BaseTrafficStatsCompatImpl: void clearThreadStatsTag()
android.support.v4.net.TrafficStatsCompat$BaseTrafficStatsCompatImpl: int getThreadStatsTag()
android.support.v4.net.TrafficStatsCompat$BaseTrafficStatsCompatImpl: void incrementOperationCount(int)
android.support.v4.net.TrafficStatsCompat$BaseTrafficStatsCompatImpl: void incrementOperationCount(int,int)
android.support.v4.net.TrafficStatsCompat$BaseTrafficStatsCompatImpl: void setThreadStatsTag(int)
android.support.v4.net.TrafficStatsCompat$BaseTrafficStatsCompatImpl: void tagSocket(java.net.Socket)
android.support.v4.net.TrafficStatsCompat$BaseTrafficStatsCompatImpl: void untagSocket(java.net.Socket)
android.support.v4.net.TrafficStatsCompat$BaseTrafficStatsCompatImpl$1
android.support.v4.net.TrafficStatsCompat$BaseTrafficStatsCompatImpl$1: android.support.v4.net.TrafficStatsCompat$BaseTrafficStatsCompatImpl this$0
android.support.v4.net.TrafficStatsCompat$BaseTrafficStatsCompatImpl$1: TrafficStatsCompat$BaseTrafficStatsCompatImpl$1(android.support.v4.net.TrafficStatsCompat$BaseTrafficStatsCompatImpl)
android.support.v4.net.TrafficStatsCompat$BaseTrafficStatsCompatImpl$1: android.support.v4.net.TrafficStatsCompat$BaseTrafficStatsCompatImpl$SocketTags initialValue()
android.support.v4.net.TrafficStatsCompat$BaseTrafficStatsCompatImpl$1: java.lang.Object initialValue()
android.support.v4.net.TrafficStatsCompat$BaseTrafficStatsCompatImpl$SocketTags
android.support.v4.net.TrafficStatsCompat$BaseTrafficStatsCompatImpl$SocketTags: int statsTag
android.support.v4.net.TrafficStatsCompat$BaseTrafficStatsCompatImpl$SocketTags: TrafficStatsCompat$BaseTrafficStatsCompatImpl$SocketTags()
android.support.v4.net.TrafficStatsCompat$BaseTrafficStatsCompatImpl$SocketTags: TrafficStatsCompat$BaseTrafficStatsCompatImpl$SocketTags(android.support.v4.net.TrafficStatsCompat$1)
android.support.v4.net.TrafficStatsCompat$IcsTrafficStatsCompatImpl
android.support.v4.net.TrafficStatsCompat$IcsTrafficStatsCompatImpl: TrafficStatsCompat$IcsTrafficStatsCompatImpl()
android.support.v4.net.TrafficStatsCompat$IcsTrafficStatsCompatImpl: void clearThreadStatsTag()
android.support.v4.net.TrafficStatsCompat$IcsTrafficStatsCompatImpl: int getThreadStatsTag()
android.support.v4.net.TrafficStatsCompat$IcsTrafficStatsCompatImpl: void incrementOperationCount(int)
android.support.v4.net.TrafficStatsCompat$IcsTrafficStatsCompatImpl: void incrementOperationCount(int,int)
android.support.v4.net.TrafficStatsCompat$IcsTrafficStatsCompatImpl: void setThreadStatsTag(int)
android.support.v4.net.TrafficStatsCompat$IcsTrafficStatsCompatImpl: void tagSocket(java.net.Socket)
android.support.v4.net.TrafficStatsCompat$IcsTrafficStatsCompatImpl: void untagSocket(java.net.Socket)
android.support.v4.net.TrafficStatsCompat$TrafficStatsCompatImpl
android.support.v4.net.TrafficStatsCompat$TrafficStatsCompatImpl: void clearThreadStatsTag()
android.support.v4.net.TrafficStatsCompat$TrafficStatsCompatImpl: int getThreadStatsTag()
android.support.v4.net.TrafficStatsCompat$TrafficStatsCompatImpl: void incrementOperationCount(int)
android.support.v4.net.TrafficStatsCompat$TrafficStatsCompatImpl: void incrementOperationCount(int,int)
android.support.v4.net.TrafficStatsCompat$TrafficStatsCompatImpl: void setThreadStatsTag(int)
android.support.v4.net.TrafficStatsCompat$TrafficStatsCompatImpl: void tagSocket(java.net.Socket)
android.support.v4.net.TrafficStatsCompat$TrafficStatsCompatImpl: void untagSocket(java.net.Socket)