Assistant/proguard/mapping.txt
android.support.v4.view.accessibility.AccessibilityManagerCompat$AccessibilityManagerIcsImpl -> android.support.v4.view.accessibility.AccessibilityManagerCompat$AccessibilityManagerIcsImpl:
    java.lang.Object newAccessiblityStateChangeListener(android.support.v4.view.accessibility.AccessibilityManagerCompat$AccessibilityStateChangeListenerCompat) -> newAccessiblityStateChangeListener
    boolean addAccessibilityStateChangeListener(android.view.accessibility.AccessibilityManager,android.support.v4.view.accessibility.AccessibilityManagerCompat$AccessibilityStateChangeListenerCompat) -> addAccessibilityStateChangeListener
    boolean removeAccessibilityStateChangeListener(android.view.accessibility.AccessibilityManager,android.support.v4.view.accessibility.AccessibilityManagerCompat$AccessibilityStateChangeListenerCompat) -> removeAccessibilityStateChangeListener
    java.util.List getEnabledAccessibilityServiceList(android.view.accessibility.AccessibilityManager,int) -> getEnabledAccessibilityServiceList
    java.util.List getInstalledAccessibilityServiceList(android.view.accessibility.AccessibilityManager) -> getInstalledAccessibilityServiceList
    boolean isTouchExplorationEnabled(android.view.accessibility.AccessibilityManager) -> isTouchExplorationEnabled
android.support.v4.view.accessibility.AccessibilityManagerCompat$AccessibilityManagerIcsImpl$1 -> android.support.v4.view.accessibility.AccessibilityManagerCompat$AccessibilityManagerIcsImpl$1:
    android.support.v4.view.accessibility.AccessibilityManagerCompat$AccessibilityStateChangeListenerCompat val$listener -> val$listener
    android.support.v4.view.accessibility.AccessibilityManagerCompat$AccessibilityManagerIcsImpl this$0 -> this$0
    void onAccessibilityStateChanged(boolean) -> onAccessibilityStateChanged
android.support.v4.view.accessibility.AccessibilityManagerCompat$AccessibilityManagerStubImpl -> android.support.v4.view.accessibility.AccessibilityManagerCompat$AccessibilityManagerStubImpl:
    java.lang.Object newAccessiblityStateChangeListener(android.support.v4.view.accessibility.AccessibilityManagerCompat$AccessibilityStateChangeListenerCompat) -> newAccessiblityStateChangeListener
    boolean addAccessibilityStateChangeListener(android.view.accessibility.AccessibilityManager,android.support.v4.view.accessibility.AccessibilityManagerCompat$AccessibilityStateChangeListenerCompat) -> addAccessibilityStateChangeListener
    boolean removeAccessibilityStateChangeListener(android.view.accessibility.AccessibilityManager,android.support.v4.view.accessibility.AccessibilityManagerCompat$AccessibilityStateChangeListenerCompat) -> removeAccessibilityStateChangeListener
    java.util.List getEnabledAccessibilityServiceList(android.view.accessibility.AccessibilityManager,int) -> getEnabledAccessibilityServiceList
    java.util.List getInstalledAccessibilityServiceList(android.view.accessibility.AccessibilityManager) -> getInstalledAccessibilityServiceList
    boolean isTouchExplorationEnabled(android.view.accessibility.AccessibilityManager) -> isTouchExplorationEnabled