Assistant/proguard/usage.txt
com.thoughtworks.xstream.core.util.ObjectIdDictionary$Wrapper:
    public abstract int hashCode()
    public abstract boolean equals(java.lang.Object)
    public abstract java.lang.String toString()
com.thoughtworks.xstream.io.binary.ReaderDepthState:
    private static final java.lang.String EMPTY_STRING
com.thoughtworks.xstream.mapper.ImplicitCollectionMapper$ImplicitCollectionMapperForClass:
    173:173:public com.thoughtworks.xstream.mapper.ImplicitCollectionMapper$ImplicitCollectionMappingImpl getImplicitCollectionDefByFieldName(java.lang.String)
common.Assert
common.AssertionFailed
common.BaseUnit
common.LengthConverter
common.LengthUnit
common.Logger
common.log.LoggerName
common.log.SimpleLogger
demo.Pinyin4jAppletDemo$1:
    public void windowClosing(java.awt.event.WindowEvent)
demo.Pinyin4jAppletDemo$2:
    public void actionPerformed(java.awt.event.ActionEvent)
    private void updateUnformattedTextField(char)
    private void updateFormattedTextField(char,java.lang.String,java.lang.String,java.lang.String)
    private java.lang.String concatPinyinStringArray(java.lang.String[])
demo.Pinyin4jAppletDemo$3:
    public void actionPerformed(java.awt.event.ActionEvent)
jxl.BooleanCell
jxl.BooleanFormulaCell
jxl.Cell
jxl.CellFeatures
jxl.CellFormat
jxl.CellReferenceHelper
jxl.CellType
jxl.CellView
jxl.DateCell
jxl.DateFormulaCell
jxl.ErrorCell
jxl.ErrorFormulaCell
jxl.FormulaCell
jxl.HeaderFooter
jxl.HeaderFooter$Contents
jxl.Hyperlink
jxl.Image
jxl.JXLException
jxl.LabelCell
jxl.NumberCell
jxl.NumberFormulaCell
jxl.Range
jxl.Sheet
jxl.SheetSettings
jxl.StringFormulaCell
jxl.Workbook
jxl.WorkbookSettings
jxl.biff.AutoFilter
jxl.biff.AutoFilterInfoRecord
jxl.biff.AutoFilterRecord
jxl.biff.BaseCellFeatures
jxl.biff.BaseCellFeatures$ValidationCondition
jxl.biff.BaseCompoundFile
jxl.biff.BaseCompoundFile$PropertyStorage
jxl.biff.BuiltInFormat
jxl.biff.BuiltInName
jxl.biff.BuiltInStyle
jxl.biff.ByteArray
jxl.biff.ByteData
jxl.biff.CellReferenceHelper
jxl.biff.ConditionalFormat
jxl.biff.ConditionalFormatRangeRecord
jxl.biff.ConditionalFormatRangeRecord$Range
jxl.biff.ConditionalFormatRecord
jxl.biff.ContinueRecord
jxl.biff.CountryCode
jxl.biff.DVParser
jxl.biff.DVParser$Condition
jxl.biff.DVParser$DVType
jxl.biff.DVParser$ErrorStyle
jxl.biff.DValParser
jxl.biff.DataValidation
jxl.biff.DataValidityListRecord
jxl.biff.DataValiditySettingsRecord
jxl.biff.DisplayFormat
jxl.biff.DoubleHelper
jxl.biff.EmptyCell
jxl.biff.EncodedURLHelper
jxl.biff.FilterModeRecord
jxl.biff.FontRecord
jxl.biff.FontRecord$1
jxl.biff.FontRecord$Biff7
jxl.biff.Fonts
jxl.biff.FormatRecord
jxl.biff.FormatRecord$1
jxl.biff.FormatRecord$BiffType
jxl.biff.FormattingRecords
jxl.biff.FormulaData
jxl.biff.HeaderFooter
jxl.biff.HeaderFooter$Contents
jxl.biff.IndexMapping
jxl.biff.IntegerHelper
jxl.biff.NumFormatRecordsException
jxl.biff.PaletteRecord
jxl.biff.RangeImpl
jxl.biff.RecordData
jxl.biff.SheetRangeImpl
jxl.biff.StringHelper
jxl.biff.Type
jxl.biff.Type$1
jxl.biff.Type$ArbitraryType
jxl.biff.WorkbookMethods
jxl.biff.WorkspaceInformationRecord
jxl.biff.WritableRecordData
jxl.biff.XFRecord
jxl.biff.XFRecord$1
jxl.biff.XFRecord$BiffType
jxl.biff.XFRecord$XFType
jxl.biff.drawing.BStoreContainer
jxl.biff.drawing.BlipStoreEntry
jxl.biff.drawing.BlipType
jxl.biff.drawing.Button
jxl.biff.drawing.Chart
jxl.biff.drawing.Chunk
jxl.biff.drawing.ChunkType
jxl.biff.drawing.ClientAnchor
jxl.biff.drawing.ClientData
jxl.biff.drawing.ClientTextBox
jxl.biff.drawing.ComboBox
jxl.biff.drawing.Comment
jxl.biff.drawing.Dg
jxl.biff.drawing.DgContainer
jxl.biff.drawing.Dgg
jxl.biff.drawing.Dgg$Cluster
jxl.biff.drawing.DggContainer
jxl.biff.drawing.Drawing
jxl.biff.drawing.Drawing$ImageAnchorProperties
jxl.biff.drawing.Drawing2
jxl.biff.drawing.DrawingData
jxl.biff.drawing.DrawingDataException
jxl.biff.drawing.DrawingGroup
jxl.biff.drawing.DrawingGroupObject
jxl.biff.drawing.EscherAtom
jxl.biff.drawing.EscherContainer
jxl.biff.drawing.EscherDisplay
jxl.biff.drawing.EscherRecord